2022-12-25 14:29:10,724 INFO [main] c.x.job.admin.XxlJobAdminApplication [StartupInfoLogger.java : 55] Starting XxlJobAdminApplication using Java 1.8.0_291 on lxcdeMacBook-Pro.local with PID 87627 (/Users/lxc/IdeaProjects/xxl-job/xxl-job-admin/target/classes started by lxc in /Users/lxc/IdeaProjects/xxl-job)
2022-12-25 14:29:10,731 INFO [main] c.x.job.admin.XxlJobAdminApplication [SpringApplication.java : 640] No active profile set, falling back to 1 default profile: "default"
2022-12-25 14:29:13,903 INFO [main] o.s.b.w.e.tomcat.TomcatWebServer [TomcatWebServer.java : 108] Tomcat initialized with port(s): 8080 (http)
2022-12-25 14:29:13,919 INFO [main] o.a.coyote.http11.Http11NioProtocol [DirectJDKLog.java : 173] Initializing ProtocolHandler ["http-nio-8080"]
2022-12-25 14:29:13,920 INFO [main] o.a.catalina.core.StandardService [DirectJDKLog.java : 173] Starting service [Tomcat]
2022-12-25 14:29:13,921 INFO [main] o.a.catalina.core.StandardEngine [DirectJDKLog.java : 173] Starting Servlet engine: [Apache Tomcat/9.0.62]
2022-12-25 14:29:14,201 INFO [main] o.a.c.c.C.[.[.[/xxl-job-admin] [DirectJDKLog.java : 173] Initializing Spring embedded WebApplicationContext
2022-12-25 14:29:14,202 INFO [main] o.s.b.w.s.c.ServletWebServerApplicationContext [ServletWebServerApplicationContext.java : 290] Root WebApplicationContext: initialization completed in 2977 ms
2022-12-25 14:29:15,145 INFO [main] c.x.j.a.c.scheduler.XxlJobScheduler [XxlJobScheduler.java : 45] >>>>>>>>> init xxl-job admin success.
2022-12-25 14:29:15,176 INFO [xxl-job, admin JobRegistryMonitorHelper-registryMonitorThread] com.zaxxer.hikari.HikariDataSource [HikariDataSource.java : 110] HikariCP - Starting...
2022-12-25 14:29:15,506 INFO [main] o.s.b.a.w.s.WelcomePageHandlerMapping [WelcomePageHandlerMapping.java : 57] Adding welcome page template: index
2022-12-25 14:29:15,857 INFO [xxl-job, admin JobRegistryMonitorHelper-registryMonitorThread] com.zaxxer.hikari.HikariDataSource [HikariDataSource.java : 123] HikariCP - Start completed.
2022-12-25 14:29:16,333 INFO [main] o.s.b.a.e.web.EndpointLinksResolver [EndpointLinksResolver.java : 58] Exposing 1 endpoint(s) beneath base path '/actuator'
2022-12-25 14:29:16,374 INFO [main] o.a.coyote.http11.Http11NioProtocol [DirectJDKLog.java : 173] Starting ProtocolHandler ["http-nio-8080"]
2022-12-25 14:29:16,406 INFO [main] o.a.c.c.C.[.[.[/xxl-job-admin] [DirectJDKLog.java : 173] Initializing Spring DispatcherServlet 'dispatcherServlet'
2022-12-25 14:29:16,406 INFO [main] o.s.web.servlet.DispatcherServlet [FrameworkServlet.java : 525] Initializing Servlet 'dispatcherServlet'
2022-12-25 14:29:16,409 INFO [main] o.s.web.servlet.DispatcherServlet [FrameworkServlet.java : 547] Completed initialization in 3 ms
2022-12-25 14:29:16,413 INFO [main] o.s.b.w.e.tomcat.TomcatWebServer [TomcatWebServer.java : 220] Tomcat started on port(s): 8080 (http) with context path '/xxl-job-admin'
2022-12-25 14:29:16,440 INFO [main] c.x.job.admin.XxlJobAdminApplication [StartupInfoLogger.java : 61] Started XxlJobAdminApplication in 6.469 seconds (JVM running for 8.552)
2022-12-25 14:29:20,005 INFO [xxl-job, admin JobScheduleHelper#scheduleThread] c.x.j.a.c.thread.JobScheduleHelper [JobScheduleHelper.java : 52] >>>>>>>>> init xxl-job admin scheduler success.
2022-12-25 14:30:30,748 INFO [http-nio-8080-exec-3] o.a.tomcat.util.http.parser.Cookie [DirectJDKLog.java : 173] A cookie header was received [Hm_lvt_b97569d26a525941d8d163729d284198=1649683865,1650014845;] that contained an invalid cookie. That cookie will be ignored.
 Note: further occurrences of this error will be logged at DEBUG level.
2022-12-25 15:51:52,983 INFO [xxl-job, admin JobScheduleHelper#scheduleThread] c.x.j.a.c.thread.JobScheduleHelper [JobScheduleHelper.java : 212] >>>>>>>>>>> xxl-job, JobScheduleHelper#scheduleThread stop
2022-12-25 15:51:53,003 INFO [xxl-job, admin JobScheduleHelper#ringThread] c.x.j.a.c.thread.JobScheduleHelper [JobScheduleHelper.java : 264] >>>>>>>>>>> xxl-job, JobScheduleHelper#ringThread stop
2022-12-25 15:51:53,989 INFO [SpringApplicationShutdownHook] c.x.j.a.c.thread.JobScheduleHelper [JobScheduleHelper.java : 353] >>>>>>>>>>> xxl-job, JobScheduleHelper stop
2022-12-25 15:51:53,991 INFO [xxl-job, admin JobLogReportHelper] c.x.j.a.c.thread.JobLogReportHelper [JobLogReportHelper.java : 132] >>>>>>>>>>> xxl-job, job log report thread stop
2022-12-25 15:51:53,992 INFO [xxl-job, admin JobLosedMonitorHelper] c.x.j.a.c.thread.JobCompleteHelper [JobCompleteHelper.java : 111] >>>>>>>>>>> xxl-job, JobLosedMonitorHelper stop
2022-12-25 15:51:53,993 INFO [xxl-job, admin JobFailMonitorHelper] c.x.j.a.c.t.JobFailMonitorHelper [JobFailMonitorHelper.java : 90] >>>>>>>>>>> xxl-job, job fail monitor thread stop
2022-12-25 15:51:53,994 INFO [xxl-job, admin JobRegistryMonitorHelper-registryMonitorThread] c.x.j.a.c.thread.JobRegistryHelper [JobRegistryHelper.java : 123] >>>>>>>>>>> xxl-job, job registry monitor thread stop
2022-12-25 15:51:53,994 INFO [SpringApplicationShutdownHook] c.x.j.a.c.t.JobTriggerPoolHelper [JobTriggerPoolHelper.java : 60] >>>>>>>>> xxl-job trigger thread pool shutdown success.
2022-12-25 15:51:53,999 INFO [SpringApplicationShutdownHook] com.zaxxer.hikari.HikariDataSource [HikariDataSource.java : 350] HikariCP - Shutdown initiated...
2022-12-25 15:51:54,012 INFO [SpringApplicationShutdownHook] com.zaxxer.hikari.HikariDataSource [HikariDataSource.java : 352] HikariCP - Shutdown completed.
